<?xml version="1.0" encoding="UTF-8"?>
<testng-results ignored="0" total="1" passed="1" failed="0" skipped="0">
  <reporter-output>
  </reporter-output>
  <suite started-at="2025-01-18T07:36:34 GMT" name="Default suite" finished-at="2025-01-18T07:36:49 GMT" duration-ms="15634">
    <groups>
    </groups>
    <test started-at="2025-01-18T07:36:34 GMT" name="Default test" finished-at="2025-01-18T07:36:49 GMT" duration-ms="15634">
      <class name="testcases.DriverScript">
        <test-method is-config="true" signature="setUp()[pri:0, instance:testcases.DriverScript@2002fc1d]" started-at="2025-01-18T07:36:34 GMT" name="setUp" finished-at="2025-01-18T07:36:39 GMT" duration-ms="5229" status="PASS">
          <reporter-output>
          </reporter-output>
        </test-method> <!-- setUp -->
        <test-method signature="runTests()[pri:0, instance:testcases.DriverScript@2002fc1d]" started-at="2025-01-18T07:36:39 GMT" name="runTests" finished-at="2025-01-18T07:36:47 GMT" duration-ms="8167" status="PASS">
          <reporter-output>
          </reporter-output>
        </test-method> <!-- runTests -->
        <test-method is-config="true" signature="tearDown()[pri:0, instance:testcases.DriverScript@2002fc1d]" started-at="2025-01-18T07:36:47 GMT" name="tearDown" finished-at="2025-01-18T07:36:49 GMT" duration-ms="2141" status="PASS">
          <reporter-output>
          </reporter-output>
        </test-method> <!-- tearDown -->
      </class> <!-- testcases.DriverScript -->
    </test> <!-- Default test -->
  </suite> <!-- Default suite -->
</testng-results>
